<?xml version="1.0" encoding="UTF-8"?>
<!-- Generated by org.testng.reporters.JUnitXMLReporter -->
<testsuite ignored="0" hostname="Ashu" failures="0" tests="5" name="Default test" time="0.268" errors="0" timestamp="2021-06-04T15:23:46 IST">
  <testcase classname="Seleniumbasic.PriorityTest" name="f1" time="0.027"/>
  <testcase classname="Seleniumbasic.PriorityTest" name="googleLogoTest" time="0.008"/>
  <testcase classname="Seleniumbasic.PriorityTest" name="googleTitleTest" time="0.008"/>
  <testcase classname="Seleniumbasic.PriorityTest" name="searchTest" time="0.006"/>
  <testcase classname="Seleniumbasic.PriorityTest" name="test1" time="0.005"/>
</testsuite> <!-- Default test -->
