<?xml version="1.0" encoding="UTF-8"?>
<testng-results ignored="0" total="1" passed="1" failed="0" skipped="0">
  <reporter-output>
  </reporter-output>
  <suite started-at="2021-06-08T17:56:48 IST" name="Default suite" finished-at="2021-06-08T18:03:08 IST" duration-ms="380210">
    <groups>
    </groups>
    <test started-at="2021-06-08T17:56:48 IST" name="Default test" finished-at="2021-06-08T18:03:08 IST" duration-ms="380210">
      <class name="CLS.CLS_Form">
        <test-method is-config="true" signature="setup()[pri:0, instance:CLS.CLS_Form@6fe7aac8]" started-at="2021-06-08T17:56:48 IST" name="setup" finished-at="2021-06-08T17:57:04 IST" duration-ms="16421" status="PASS">
          <reporter-output>
          </reporter-output>
        </test-method> <!-- setup -->
        <test-method signature="login()[pri:0, instance:CLS.CLS_Form@6fe7aac8]" started-at="2021-06-08T17:57:04 IST" name="login" finished-at="2021-06-08T18:03:06 IST" duration-ms="362195" status="PASS">
          <reporter-output>
          </reporter-output>
        </test-method> <!-- login -->
        <test-method is-config="true" signature="tearDown()[pri:0, instance:CLS.CLS_Form@6fe7aac8]" started-at="2021-06-08T18:03:06 IST" name="tearDown" finished-at="2021-06-08T18:03:08 IST" duration-ms="1432" status="PASS">
          <reporter-output>
          </reporter-output>
        </test-method> <!-- tearDown -->
      </class> <!-- CLS.CLS_Form -->
    </test> <!-- Default test -->
  </suite> <!-- Default suite -->
</testng-results>
