<?xml version="1.0" encoding="UTF-8"?>
<testng-results ignored="0" total="5" passed="5" failed="0" skipped="0">
  <reporter-output>
  </reporter-output>
  <suite started-at="2021-06-04T15:23:46 IST" name="Default suite" finished-at="2021-06-04T15:23:46 IST" duration-ms="268">
    <groups>
    </groups>
    <test started-at="2021-06-04T15:23:46 IST" name="Default test" finished-at="2021-06-04T15:23:46 IST" duration-ms="268">
      <class name="Seleniumbasic.PriorityTest">
        <test-method is-config="true" signature="setUp()[pri:0, instance:Seleniumbasic.PriorityTest@470f1802]" started-at="2021-06-04T15:23:46 IST" name="setUp" finished-at="2021-06-04T15:23:46 IST" duration-ms="33" status="PASS">
          <reporter-output>
          </reporter-output>
        </test-method> <!-- setUp -->
        <test-method is-config="true" signature="launchBrowser()[pri:0, instance:Seleniumbasic.PriorityTest@470f1802]" started-at="2021-06-04T15:23:46 IST" name="launchBrowser" finished-at="2021-06-04T15:23:46 IST" duration-ms="2" status="PASS">
          <reporter-output>
          </reporter-output>
        </test-method> <!-- launchBrowser -->
        <test-method is-config="true" signature="login()[pri:0, instance:Seleniumbasic.PriorityTest@470f1802]" started-at="2021-06-04T15:23:46 IST" name="login" finished-at="2021-06-04T15:23:46 IST" duration-ms="0" status="PASS">
          <reporter-output>
          </reporter-output>
        </test-method> <!-- login -->
        <test-method is-config="true" signature="enterURL()[pri:0, instance:Seleniumbasic.PriorityTest@470f1802]" started-at="2021-06-04T15:23:46 IST" name="enterURL" finished-at="2021-06-04T15:23:46 IST" duration-ms="1" status="PASS">
          <reporter-output>
          </reporter-output>
        </test-method> <!-- enterURL -->
        <test-method signature="f1()[pri:0, instance:Seleniumbasic.PriorityTest@470f1802]" started-at="2021-06-04T15:23:46 IST" name="f1" finished-at="2021-06-04T15:23:46 IST" duration-ms="27" status="PASS">
          <reporter-output>
          </reporter-output>
        </test-method> <!-- f1 -->
        <test-method is-config="true" signature="logOut()[pri:0, instance:Seleniumbasic.PriorityTest@470f1802]" started-at="2021-06-04T15:23:46 IST" name="logOut" finished-at="2021-06-04T15:23:46 IST" duration-ms="2" status="PASS">
          <reporter-output>
          </reporter-output>
        </test-method> <!-- logOut -->
        <test-method is-config="true" signature="enterURL()[pri:0, instance:Seleniumbasic.PriorityTest@470f1802]" started-at="2021-06-04T15:23:46 IST" name="enterURL" finished-at="2021-06-04T15:23:46 IST" duration-ms="1" status="PASS">
          <reporter-output>
          </reporter-output>
        </test-method> <!-- enterURL -->
        <test-method signature="googleLogoTest()[pri:0, instance:Seleniumbasic.PriorityTest@470f1802]" started-at="2021-06-04T15:23:46 IST" name="googleLogoTest" finished-at="2021-06-04T15:23:46 IST" duration-ms="8" status="PASS">
          <reporter-output>
          </reporter-output>
        </test-method> <!-- googleLogoTest -->
        <test-method is-config="true" signature="logOut()[pri:0, instance:Seleniumbasic.PriorityTest@470f1802]" started-at="2021-06-04T15:23:46 IST" name="logOut" finished-at="2021-06-04T15:23:46 IST" duration-ms="1" status="PASS">
          <reporter-output>
          </reporter-output>
        </test-method> <!-- logOut -->
        <test-method is-config="true" signature="enterURL()[pri:0, instance:Seleniumbasic.PriorityTest@470f1802]" started-at="2021-06-04T15:23:46 IST" name="enterURL" finished-at="2021-06-04T15:23:46 IST" duration-ms="1" status="PASS">
          <reporter-output>
          </reporter-output>
        </test-method> <!-- enterURL -->
        <test-method signature="googleTitleTest()[pri:0, instance:Seleniumbasic.PriorityTest@470f1802]" started-at="2021-06-04T15:23:46 IST" name="googleTitleTest" finished-at="2021-06-04T15:23:46 IST" duration-ms="8" status="PASS">
          <reporter-output>
          </reporter-output>
        </test-method> <!-- googleTitleTest -->
        <test-method is-config="true" signature="logOut()[pri:0, instance:Seleniumbasic.PriorityTest@470f1802]" started-at="2021-06-04T15:23:46 IST" name="logOut" finished-at="2021-06-04T15:23:46 IST" duration-ms="1" status="PASS">
          <reporter-output>
          </reporter-output>
        </test-method> <!-- logOut -->
        <test-method is-config="true" signature="enterURL()[pri:0, instance:Seleniumbasic.PriorityTest@470f1802]" started-at="2021-06-04T15:23:46 IST" name="enterURL" finished-at="2021-06-04T15:23:46 IST" duration-ms="1" status="PASS">
          <reporter-output>
          </reporter-output>
        </test-method> <!-- enterURL -->
        <test-method signature="searchTest()[pri:0, instance:Seleniumbasic.PriorityTest@470f1802]" started-at="2021-06-04T15:23:46 IST" name="searchTest" finished-at="2021-06-04T15:23:46 IST" duration-ms="6" status="PASS">
          <reporter-output>
          </reporter-output>
        </test-method> <!-- searchTest -->
        <test-method is-config="true" signature="logOut()[pri:0, instance:Seleniumbasic.PriorityTest@470f1802]" started-at="2021-06-04T15:23:46 IST" name="logOut" finished-at="2021-06-04T15:23:46 IST" duration-ms="1" status="PASS">
          <reporter-output>
          </reporter-output>
        </test-method> <!-- logOut -->
        <test-method is-config="true" signature="enterURL()[pri:0, instance:Seleniumbasic.PriorityTest@470f1802]" started-at="2021-06-04T15:23:46 IST" name="enterURL" finished-at="2021-06-04T15:23:46 IST" duration-ms="1" status="PASS">
          <reporter-output>
          </reporter-output>
        </test-method> <!-- enterURL -->
        <test-method signature="test1()[pri:0, instance:Seleniumbasic.PriorityTest@470f1802]" started-at="2021-06-04T15:23:46 IST" name="test1" finished-at="2021-06-04T15:23:46 IST" duration-ms="5" status="PASS">
          <exception class="java.lang.ArithmeticException">
            <message>
              <![CDATA[/ by zero]]>
            </message>
            <full-stacktrace>
              <![CDATA[java.lang.ArithmeticException: / by zero
at Seleniumbasic.PriorityTest.test1(PriorityTest.java:20)
at java.base/jdk.internal.reflect.NativeMethodAccessorImpl.invoke0(Native Method)
at java.base/jdk.internal.reflect.NativeMethodAccessorImpl.invoke(NativeMethodAccessorImpl.java:64)
at java.base/jdk.internal.reflect.DelegatingMethodAccessorImpl.invoke(DelegatingMethodAccessorImpl.java:43)
at java.base/java.lang.reflect.Method.invoke(Method.java:564)
at org.testng.internal.MethodInvocationHelper.invokeMethod(MethodInvocationHelper.java:133)
at org.testng.internal.TestInvoker.invokeMethod(TestInvoker.java:598)
at org.testng.internal.TestInvoker.invokeTestMethod(TestInvoker.java:173)
at org.testng.internal.MethodRunner.runInSequence(MethodRunner.java:46)
at org.testng.internal.TestInvoker$MethodInvocationAgent.invoke(TestInvoker.java:824)
at org.testng.internal.TestInvoker.invokeTestMethods(TestInvoker.java:146)
at org.testng.internal.TestMethodWorker.invokeTestMethods(TestMethodWorker.java:146)
at org.testng.internal.TestMethodWorker.run(TestMethodWorker.java:128)
at java.base/java.util.ArrayList.forEach(ArrayList.java:1511)
at org.testng.TestRunner.privateRun(TestRunner.java:794)
at org.testng.TestRunner.run(TestRunner.java:596)
at org.testng.SuiteRunner.runTest(SuiteRunner.java:377)
at org.testng.SuiteRunner.runSequentially(SuiteRunner.java:371)
at org.testng.SuiteRunner.privateRun(SuiteRunner.java:332)
at org.testng.SuiteRunner.run(SuiteRunner.java:276)
at org.testng.SuiteRunnerWorker.runSuite(SuiteRunnerWorker.java:53)
at org.testng.SuiteRunnerWorker.run(SuiteRunnerWorker.java:96)
at org.testng.TestNG.runSuitesSequentially(TestNG.java:1212)
at org.testng.TestNG.runSuitesLocally(TestNG.java:1134)
at org.testng.TestNG.runSuites(TestNG.java:1063)
at org.testng.TestNG.run(TestNG.java:1031)
at org.testng.remote.AbstractRemoteTestNG.run(AbstractRemoteTestNG.java:115)
at org.testng.remote.RemoteTestNG.initAndRun(RemoteTestNG.java:251)
at org.testng.remote.RemoteTestNG.main(RemoteTestNG.java:77)
]]>
            </full-stacktrace>
          </exception> <!-- java.lang.ArithmeticException -->
          <reporter-output>
          </reporter-output>
        </test-method> <!-- test1 -->
        <test-method is-config="true" signature="logOut()[pri:0, instance:Seleniumbasic.PriorityTest@470f1802]" started-at="2021-06-04T15:23:46 IST" name="logOut" finished-at="2021-06-04T15:23:46 IST" duration-ms="1" status="PASS">
          <reporter-output>
          </reporter-output>
        </test-method> <!-- logOut -->
        <test-method is-config="true" signature="closeBrowser()[pri:0, instance:Seleniumbasic.PriorityTest@470f1802]" started-at="2021-06-04T15:23:46 IST" name="closeBrowser" finished-at="2021-06-04T15:23:46 IST" duration-ms="1" status="PASS">
          <reporter-output>
          </reporter-output>
        </test-method> <!-- closeBrowser -->
        <test-method is-config="true" signature="deleteAllCookies()[pri:0, instance:Seleniumbasic.PriorityTest@470f1802]" started-at="2021-06-04T15:23:46 IST" name="deleteAllCookies" finished-at="2021-06-04T15:23:46 IST" duration-ms="1" status="PASS">
          <reporter-output>
          </reporter-output>
        </test-method> <!-- deleteAllCookies -->
        <test-method is-config="true" signature="aftersuite()[pri:0, instance:Seleniumbasic.PriorityTest@470f1802]" started-at="2021-06-04T15:23:47 IST" name="aftersuite" finished-at="2021-06-04T15:23:47 IST" duration-ms="1" status="PASS">
          <reporter-output>
          </reporter-output>
        </test-method> <!-- aftersuite -->
      </class> <!-- Seleniumbasic.PriorityTest -->
    </test> <!-- Default test -->
  </suite> <!-- Default suite -->
</testng-results>
